[debug] [2019-08-19T18:57:36.715Z] ----------------------------------------------------------------------
[debug] [2019-08-19T18:57:36.717Z] Command:       /Users/ivanahuckova/.nvm/versions/node/v10.15.0/bin/node /Users/ivanahuckova/.nvm/versions/node/v10.15.0/bin/firebase deploy
[debug] [2019-08-19T18:57:36.717Z] CLI Version:   6.9.2
[debug] [2019-08-19T18:57:36.717Z] Platform:      darwin
[debug] [2019-08-19T18:57:36.717Z] Node Version:  v10.15.0
[debug] [2019-08-19T18:57:36.718Z] Time:          Mon Aug 19 2019 20:57:36 GMT+0200 (Central European Summer Time)
[debug] [2019-08-19T18:57:36.718Z] ----------------------------------------------------------------------
[debug] 
[debug] [2019-08-19T18:57:36.731Z] > command requires scopes: ["email","openid","https://www.googleapis.com/auth/cloudplatformprojects.readonly","https://www.googleapis.com/auth/firebase","https://www.googleapis.com/auth/cloud-platform"]
[debug] [2019-08-19T18:57:36.731Z] > authorizing via signed-in user
[debug] [2019-08-19T18:57:36.732Z] [iam] checking project toxic-hackers for permissions ["datastore.indexes.create","datastore.indexes.delete","datastore.indexes.list","datastore.indexes.update","firebase.projects.get","firebasehosting.sites.update"]
[debug] [2019-08-19T18:57:36.733Z] > refreshing access token with scopes: ["email","https://www.googleapis.com/auth/cloud-platform","https://www.googleapis.com/auth/cloudplatformprojects.readonly","https://www.googleapis.com/auth/firebase","openid"]
[debug] [2019-08-19T18:57:36.733Z] >>> HTTP REQUEST POST https://www.googleapis.com/oauth2/v3/token  
 <request body omitted>
[debug] [2019-08-19T18:57:37.851Z] <<< HTTP RESPONSE 200
[debug] [2019-08-19T18:57:37.861Z] >>> HTTP REQUEST POST https://cloudresourcemanager.googleapis.com/v1/projects/toxic-hackers:testIamPermissions  

[debug] [2019-08-19T18:57:41.268Z] <<< HTTP RESPONSE 200
[debug] [2019-08-19T18:57:41.270Z] >>> HTTP REQUEST GET https://firebase.googleapis.com/v1beta1/projects/toxic-hackers  
 
[debug] [2019-08-19T18:57:43.528Z] <<< HTTP RESPONSE 200
[info] 
[info] === Deploying to 'toxic-hackers'...
[info] 
[info] i  deploying firestore, hosting
[info] i  firestore: checking firestore.rules for compilation errors...
[info] i  firestore: reading indexes from firestore.indexes.json...
[debug] [2019-08-19T18:57:43.535Z] >>> HTTP REQUEST POST https://firebaserules.googleapis.com/v1/projects/toxic-hackers:test  

[debug] [2019-08-19T18:57:43.863Z] <<< HTTP RESPONSE 200
[info] ✔  firestore: rules file firestore.rules compiled successfully
[debug] [2019-08-19T18:57:43.866Z] >>> HTTP REQUEST POST https://firebasehosting.googleapis.com/v1beta1/sites/toxic-hackers/versions  

[debug] [2019-08-19T18:57:49.208Z] <<< HTTP RESPONSE 503
[debug] [2019-08-19T18:57:49.209Z] <<< HTTP RESPONSE BODY
[error] 
[error] Error: HTTP Error: 503, Authentication backend unavailable.
[debug] [2019-08-19T18:57:49.344Z] Error Context: {
  "body": {
    "error": {
      "code": 503,
      "message": "Authentication backend unavailable.",
      "status": "UNAVAILABLE"
    }
  },
  "response": {
    "statusCode": 503,
    "body": {
      "error": {
        "code": 503,
        "message": "Authentication backend unavailable.",
        "status": "UNAVAILABLE"
      }
    },
    "headers": {
      "vary": "X-Origin, Referer, Origin,Accept-Encoding",
      "content-type": "application/json; charset=UTF-8",
      "date": "Mon, 19 Aug 2019 18:57:49 GMT",
      "server": "ESF",
      "cache-control": "private",
      "x-xss-protection": "0",
      "x-frame-options": "SAMEORIGIN",
      "x-content-type-options": "nosniff",
      "alt-svc": "quic=\":443\"; ma=2592000; v=\"46,43,39\"",
      "accept-ranges": "none",
      "transfer-encoding": "chunked"
    },
    "request": {
      "uri": {
        "protocol": "https:",
        "slashes": true,
        "auth": null,
        "host": "firebasehosting.googleapis.com",
        "port": 443,
        "hostname": "firebasehosting.googleapis.com",
        "hash": null,
        "search": null,
        "query": null,
        "pathname": "/v1beta1/sites/toxic-hackers/versions",
        "path": "/v1beta1/sites/toxic-hackers/versions",
        "href": "https://firebasehosting.googleapis.com/v1beta1/sites/toxic-hackers/versions"
      },
      "method": "POST"
    }
  }
}
